[2022-08-19T00:21:00.556] [WARN] custom - Route: /favicon.ico Method: GET
[2022-08-19T01:24:30.294] [WARN] custom - Route: /Challenge-26-Form-Login-Register/9488.0x/flamegraph.html Method: GET
[2022-08-19T16:04:32.607] [WARN] custom - Route: /favicon.ico Method: GET
[2022-08-19T16:04:32.809] [WARN] custom - Route: /favicon.ico Method: GET
[2022-08-19T16:04:36.036] [WARN] custom - Route: /favicon.ico Method: GET
[2022-08-19T16:04:36.116] [WARN] custom - Route: /favicon.ico Method: GET
[2022-08-19T16:04:37.203] [WARN] custom - Route: /favicon.ico Method: GET
[2022-08-19T16:04:37.271] [WARN] custom - Route: /products/ Method: GET
[2022-08-19T16:04:37.451] [WARN] custom - Route: /favicon.ico Method: GET
[2022-08-19T16:06:33.379] [WARN] custom - Route: /favicon.ico Method: GET
[2022-08-19T16:06:33.446] [WARN] custom - Route: /products/ Method: GET
[2022-08-19T16:06:33.708] [WARN] custom - Route: /favicon.ico Method: GET
[2022-08-19T16:08:46.239] [WARN] custom - Route: /favicon.ico Method: GET
[2022-08-19T16:08:46.275] [WARN] custom - Route: /products/ Method: GET
[2022-08-19T16:08:46.616] [WARN] custom - Route: /favicon.ico Method: GET
[2022-08-19T16:10:42.268] [WARN] custom - Route: /favicon.ico Method: GET
[2022-08-19T16:10:42.303] [WARN] custom - Route: /products/ Method: GET
[2022-08-19T16:10:42.503] [WARN] custom - Route: /favicon.ico Method: GET
[2022-08-19T16:12:00.914] [WARN] custom - Route: /favicon.ico Method: GET
[2022-08-19T16:12:00.945] [WARN] custom - Route: /products/ Method: GET
[2022-08-19T16:12:01.094] [WARN] custom - Route: /favicon.ico Method: GET
[2022-08-19T16:12:09.212] [WARN] custom - Route: /favicon.ico Method: GET
[2022-08-19T16:12:09.273] [WARN] custom - Route: /products/ Method: GET
[2022-08-19T16:12:09.391] [WARN] custom - Route: /favicon.ico Method: GET
[2022-08-19T16:12:16.117] [WARN] custom - Route: /favicon.ico Method: GET
[2022-08-19T16:12:16.163] [WARN] custom - Route: /favicon.ico Method: GET
[2022-08-19T16:12:23.203] [WARN] custom - Route: /favicon.ico Method: GET
[2022-08-19T16:12:23.218] [WARN] custom - Route: /products/ Method: GET
[2022-08-19T16:12:23.473] [WARN] custom - Route: /favicon.ico Method: GET
[2022-08-19T16:12:35.794] [WARN] custom - Route: /we Method: GET
[2022-08-19T16:18:05.833] [WARN] custom - Route: /favicon.ico Method: GET
[2022-08-19T16:18:05.864] [WARN] custom - Route: /products/ Method: GET
[2022-08-19T16:18:06.096] [WARN] custom - Route: /favicon.ico Method: GET
[2022-08-20T13:39:10.350] [WARN] custom - Route: /favicon.ico Method: GET
[2022-08-20T13:39:11.837] [WARN] custom - Route: /favicon.ico Method: GET
[2022-08-20T13:39:11.911] [WARN] custom - Route: /products/ Method: GET
[2022-08-20T13:39:12.296] [WARN] custom - Route: /favicon.ico Method: GET
[2022-08-20T13:39:13.860] [WARN] custom - Route: /favicon.ico Method: GET
[2022-08-20T13:39:16.193] [WARN] custom - Route: /favicon.ico Method: GET
[2022-08-20T13:40:41.938] [WARN] custom - Route: /favicon.ico Method: GET
[2022-08-20T13:40:41.995] [WARN] custom - Route: /favicon.ico Method: GET
[2022-08-20T13:40:50.522] [WARN] custom - Route: /favicon.ico Method: GET
[2022-08-20T13:40:50.594] [WARN] custom - Route: /favicon.ico Method: GET
[2022-08-20T13:41:00.500] [WARN] custom - Route: /favicon.ico Method: GET
[2022-08-20T13:41:00.563] [WARN] custom - Route: /favicon.ico Method: GET
[2022-08-20T13:41:03.077] [WARN] custom - Route: /favicon.ico Method: GET
[2022-08-20T13:41:03.149] [WARN] custom - Route: /favicon.ico Method: GET
[2022-08-20T13:41:09.988] [WARN] custom - Route: /favicon.ico Method: GET
[2022-08-20T13:41:10.052] [WARN] custom - Route: /favicon.ico Method: GET
[2022-08-20T13:41:16.599] [WARN] custom - Route: /favicon.ico Method: GET
[2022-08-20T13:41:16.682] [WARN] custom - Route: /favicon.ico Method: GET
[2022-08-20T13:41:24.874] [WARN] custom - Route: /favicon.ico Method: GET
[2022-08-20T13:41:24.931] [WARN] custom - Route: /favicon.ico Method: GET
[2022-08-20T13:41:34.571] [WARN] custom - Route: /favicon.ico Method: GET
[2022-08-20T13:41:34.662] [WARN] custom - Route: /favicon.ico Method: GET
[2022-08-20T13:41:42.199] [WARN] custom - Route: /favicon.ico Method: GET
[2022-08-20T13:41:42.272] [WARN] custom - Route: /favicon.ico Method: GET
[2022-08-20T13:41:44.305] [WARN] custom - Route: /favicon.ico Method: GET
[2022-08-20T13:41:44.393] [WARN] custom - Route: /favicon.ico Method: GET
[2022-08-20T13:41:52.601] [WARN] custom - Route: /favicon.ico Method: GET
[2022-08-20T13:41:52.659] [WARN] custom - Route: /favicon.ico Method: GET
[2022-08-20T13:41:57.158] [WARN] custom - Route: /favicon.ico Method: GET
[2022-08-20T13:41:57.207] [WARN] custom - Route: /favicon.ico Method: GET
[2022-08-20T13:42:03.737] [WARN] custom - Route: /favicon.ico Method: GET
[2022-08-20T13:42:03.821] [WARN] custom - Route: /favicon.ico Method: GET
[2022-08-20T13:42:13.107] [WARN] custom - Route: /favicon.ico Method: GET
[2022-08-20T13:42:13.140] [WARN] custom - Route: /products/ Method: GET
[2022-08-20T13:42:13.445] [WARN] custom - Route: /favicon.ico Method: GET
[2022-08-20T13:42:14.735] [WARN] custom - Route: /favicon.ico Method: GET
[2022-08-20T13:42:16.889] [WARN] custom - Route: /favicon.ico Method: GET
[2022-08-20T13:42:19.947] [WARN] custom - Route: /favicon.ico Method: GET
[2022-08-20T13:42:20.011] [WARN] custom - Route: /favicon.ico Method: GET
[2022-08-20T13:42:29.489] [WARN] custom - Route: /favicon.ico Method: GET
[2022-08-20T13:42:29.519] [WARN] custom - Route: /products/ Method: GET
[2022-08-20T13:42:29.884] [WARN] custom - Route: /favicon.ico Method: GET
[2022-08-20T13:42:31.927] [WARN] custom - Route: /favicon.ico Method: GET
[2022-08-20T13:42:34.034] [WARN] custom - Route: /favicon.ico Method: GET
[2022-08-20T13:42:35.697] [WARN] custom - Route: /favicon.ico Method: GET
[2022-08-20T13:42:35.788] [WARN] custom - Route: /favicon.ico Method: GET
[2022-08-20T13:42:44.782] [WARN] custom - Route: /favicon.ico Method: GET
[2022-08-20T13:42:44.814] [WARN] custom - Route: /products/ Method: GET
[2022-08-20T13:42:45.092] [WARN] custom - Route: /favicon.ico Method: GET
[2022-08-20T13:42:51.352] [WARN] custom - Route: /favicon.ico Method: GET
[2022-08-20T13:42:53.469] [WARN] custom - Route: /favicon.ico Method: GET
[2022-08-23T15:22:32.776] [WARN] custom - Route: /favicon.ico Method: GET
[2022-08-23T15:22:44.808] [WARN] custom - Route: /favicon.ico Method: GET
[2022-09-09T01:30:04.229] [WARN] custom - Route: /favicon.ico Method: GET
[2022-09-09T01:30:06.483] [WARN] custom - Route: /favicon.ico Method: GET
[2022-09-09T01:30:06.586] [WARN] custom - Route: /products/ Method: GET
[2022-09-09T01:30:06.790] [WARN] custom - Route: /favicon.ico Method: GET
[2022-09-09T01:30:10.577] [WARN] custom - Route: /favicon.ico Method: GET
[2022-09-09T01:30:12.765] [WARN] custom - Route: /favicon.ico Method: GET
[2022-09-09T01:30:14.102] [WARN] custom - Route: /favicon.ico Method: GET
[2022-09-09T01:30:14.135] [WARN] custom - Route: /products/ Method: GET
[2022-09-09T01:30:14.354] [WARN] custom - Route: /favicon.ico Method: GET
[2022-09-09T01:30:51.543] [WARN] custom - Route: /favicon.ico Method: GET
[2022-09-09T01:30:51.621] [WARN] custom - Route: /products/ Method: GET
[2022-09-09T02:21:39.866] [WARN] custom - Route: /favicon.ico Method: GET
[2022-09-09T02:21:39.903] [WARN] custom - Route: /products/ Method: GET
[2022-09-09T02:21:40.188] [WARN] custom - Route: /favicon.ico Method: GET
[2022-09-09T02:35:11.637] [WARN] custom - Route: /login Method: GET
[2022-09-09T02:37:34.805] [WARN] custom - Route: /login Method: GET
[2022-09-09T02:37:45.057] [WARN] custom - Route: /login Method: GET
[2022-09-09T02:38:11.637] [WARN] custom - Route: /login Method: GET
[2022-09-09T02:39:44.265] [WARN] custom - Route: /login Method: GET
[2022-09-09T02:39:47.253] [WARN] custom - Route: /login Method: GET
[2022-09-09T02:39:55.007] [WARN] custom - Route: /re Method: GET
[2022-09-09T02:39:59.489] [WARN] custom - Route: /register Method: GET
[2022-09-09T02:41:11.436] [WARN] custom - Route: /login Method: GET
[2022-09-09T02:42:19.457] [WARN] custom - Route: /login Method: GET
[2022-09-09T02:44:24.925] [WARN] custom - Route: /favicon.ico Method: GET
[2022-09-09T02:44:24.974] [WARN] custom - Route: /favicon.ico Method: GET
[2022-09-09T02:44:35.701] [WARN] custom - Route: /register Method: GET
[2022-09-09T02:44:35.845] [WARN] custom - Route: /favicon.ico Method: GET
[2022-09-09T02:44:35.895] [WARN] custom - Route: /favicon.ico Method: GET
[2022-09-09T02:44:46.684] [WARN] custom - Route: /favicon.ico Method: GET
[2022-09-09T02:44:46.739] [WARN] custom - Route: /favicon.ico Method: GET
[2022-09-09T02:52:38.513] [WARN] custom - Route: /favicon.ico Method: GET
[2022-09-09T02:52:38.565] [WARN] custom - Route: /favicon.ico Method: GET
[2022-09-09T02:54:12.552] [WARN] custom - Route: /favicon.ico Method: GET
[2022-09-09T02:54:12.609] [WARN] custom - Route: /favicon.ico Method: GET
[2022-09-09T02:54:14.557] [WARN] custom - Route: /favicon.ico Method: GET
[2022-09-09T02:54:14.623] [WARN] custom - Route: /favicon.ico Method: GET
[2022-09-09T02:54:15.649] [WARN] custom - Route: /favicon.ico Method: GET
[2022-09-09T02:54:15.703] [WARN] custom - Route: /favicon.ico Method: GET
[2022-09-09T02:56:20.162] [WARN] custom - Route: /favicon.ico Method: GET
[2022-09-09T02:56:21.871] [WARN] custom - Route: /favicon.ico Method: GET
[2022-09-09T02:56:21.939] [WARN] custom - Route: /favicon.ico Method: GET
[2022-09-09T02:57:48.855] [WARN] custom - Route: /favicon.ico Method: GET
[2022-09-09T02:57:48.913] [WARN] custom - Route: /favicon.ico Method: GET
[2022-09-09T03:00:24.035] [WARN] custom - Route: /favicon.ico Method: GET
[2022-09-09T03:00:24.126] [WARN] custom - Route: /favicon.ico Method: GET
[2022-09-09T03:00:37.039] [WARN] custom - Route: /favicon.ico Method: GET
[2022-09-09T03:00:37.094] [WARN] custom - Route: /favicon.ico Method: GET
[2022-09-09T03:03:36.231] [WARN] custom - Route: /favicon.ico Method: GET
[2022-09-09T03:04:35.123] [WARN] custom - Route: /favicon.ico Method: GET
[2022-09-09T03:04:36.471] [WARN] custom - Route: /favicon.ico Method: GET
[2022-09-09T03:04:36.557] [WARN] custom - Route: /favicon.ico Method: GET
[2022-09-09T14:44:05.847] [WARN] custom - Route: /favicon.ico Method: GET
[2022-09-09T14:44:07.018] [WARN] custom - Route: /favicon.ico Method: GET
[2022-09-09T14:44:07.190] [WARN] custom - Route: /favicon.ico Method: GET
[2022-09-09T14:44:35.821] [WARN] custom - Route: /favicon.ico Method: GET
[2022-09-09T14:44:37.835] [WARN] custom - Route: /favicon.ico Method: GET
[2022-09-09T14:44:37.896] [WARN] custom - Route: /favicon.ico Method: GET
[2022-09-09T14:45:13.062] [WARN] custom - Route: /favicon.ico Method: GET
[2022-09-09T14:45:16.542] [WARN] custom - Route: /favicon.ico Method: GET
[2022-09-09T14:45:16.584] [WARN] custom - Route: /favicon.ico Method: GET
[2022-09-09T14:46:38.670] [WARN] custom - Route: /favicon.ico Method: GET
[2022-09-09T14:46:38.717] [WARN] custom - Route: /favicon.ico Method: GET
[2022-09-09T15:00:42.616] [WARN] custom - Route: /favicon.ico Method: GET
[2022-09-09T15:00:42.697] [WARN] custom - Route: /favicon.ico Method: GET
[2022-09-09T15:00:46.889] [WARN] custom - Route: /favicon.ico Method: GET
[2022-09-09T15:00:46.947] [WARN] custom - Route: /favicon.ico Method: GET
[2022-09-09T15:19:16.106] [WARN] custom - Route: /favicon.ico Method: GET
[2022-09-09T15:19:20.963] [WARN] custom - Route: /favicon.ico Method: GET
[2022-09-09T15:19:21.029] [WARN] custom - Route: /favicon.ico Method: GET
[2022-09-09T15:38:46.016] [WARN] custom - Route: /favicon.ico Method: GET
[2022-09-09T15:38:46.080] [WARN] custom - Route: /favicon.ico Method: GET
[2022-09-09T15:45:36.332] [WARN] custom - Route: /favicon.ico Method: GET
[2022-09-09T15:45:36.469] [WARN] custom - Route: /favicon.ico Method: GET
[2022-09-09T15:48:15.664] [WARN] custom - Route: /favicon.ico Method: GET
[2022-09-09T15:48:15.780] [WARN] custom - Route: /favicon.ico Method: GET
[2022-09-09T15:50:12.775] [WARN] custom - Route: /favicon.ico Method: GET
[2022-09-09T15:50:16.450] [WARN] custom - Route: /favicon.ico Method: GET
[2022-09-09T15:50:16.677] [WARN] custom - Route: /favicon.ico Method: GET
[2022-09-09T15:50:59.910] [WARN] custom - Route: /favicon.ico Method: GET
[2022-09-09T15:51:01.662] [WARN] custom - Route: /favicon.ico Method: GET
[2022-09-09T15:51:01.790] [WARN] custom - Route: /favicon.ico Method: GET
[2022-09-09T15:52:36.295] [WARN] custom - Route: /favicon.ico Method: GET
[2022-09-09T15:52:36.373] [WARN] custom - Route: /favicon.ico Method: GET
[2022-09-09T15:54:42.525] [WARN] custom - Route: /favicon.ico Method: GET
[2022-09-09T15:54:43.012] [WARN] custom - Route: /favicon.ico Method: GET
[2022-09-09T15:54:45.397] [WARN] custom - Route: /favicon.ico Method: GET
[2022-09-09T15:54:45.635] [WARN] custom - Route: /favicon.ico Method: GET
[2022-09-09T15:59:31.528] [WARN] custom - Route: /favicon.ico Method: GET
[2022-09-09T15:59:31.658] [WARN] custom - Route: /favicon.ico Method: GET
[2022-09-09T16:01:44.574] [WARN] custom - Route: /favicon.ico Method: GET
[2022-09-09T16:01:44.682] [WARN] custom - Route: /favicon.ico Method: GET
[2022-09-09T16:02:01.619] [WARN] custom - Route: /favicon.ico Method: GET
[2022-09-09T16:02:04.980] [WARN] custom - Route: /favicon.ico Method: GET
[2022-09-09T16:02:05.123] [WARN] custom - Route: /favicon.ico Method: GET
[2022-09-09T16:18:33.704] [WARN] custom - Route: /favicon.ico Method: GET
[2022-09-09T16:18:33.834] [WARN] custom - Route: /favicon.ico Method: GET
[2022-09-09T16:21:03.215] [WARN] custom - Route: /favicon.ico Method: GET
[2022-09-09T16:21:03.735] [WARN] custom - Route: /favicon.ico Method: GET
[2022-09-09T16:21:15.288] [WARN] custom - Route: /logout Method: GET
[2022-09-09T16:21:28.845] [WARN] custom - Route: /logout Method: GET
[2022-09-09T16:21:58.165] [WARN] custom - Route: /favicon.ico Method: GET
[2022-09-09T16:21:58.986] [WARN] custom - Route: /favicon.ico Method: GET
[2022-09-09T16:22:02.714] [WARN] custom - Route: /logout Method: GET
[2022-09-09T16:23:45.390] [WARN] custom - Route: /favicon.ico Method: GET
[2022-09-09T16:23:45.507] [WARN] custom - Route: /favicon.ico Method: GET
[2022-09-09T16:28:17.223] [WARN] custom - Route: /favicon.ico Method: GET
[2022-09-09T16:28:17.435] [WARN] custom - Route: /favicon.ico Method: GET
[2022-09-09T16:29:10.887] [WARN] custom - Route: /favicon.ico Method: GET
[2022-09-09T16:29:10.942] [WARN] custom - Route: /favicon.ico Method: GET
[2022-09-09T16:29:22.350] [WARN] custom - Route: /favicon.ico Method: GET
[2022-09-09T16:29:22.411] [WARN] custom - Route: /favicon.ico Method: GET
[2022-09-09T16:39:27.548] [WARN] custom - Route: /favicon.ico Method: GET
[2022-09-09T16:39:29.399] [WARN] custom - Route: /favicon.ico Method: GET
[2022-09-09T16:39:29.791] [WARN] custom - Route: /favicon.ico Method: GET
[2022-09-09T16:39:50.417] [WARN] custom - Route: /favicon.ico Method: GET
[2022-09-09T16:39:50.483] [WARN] custom - Route: /favicon.ico Method: GET
[2022-09-09T16:49:57.736] [WARN] custom - Route: /favicon.ico Method: GET
[2022-09-09T16:50:00.350] [WARN] custom - Route: /favicon.ico Method: GET
[2022-09-09T16:50:00.431] [WARN] custom - Route: /favicon.ico Method: GET
[2022-09-09T16:52:56.666] [WARN] custom - Route: /favicon.ico Method: GET
[2022-09-09T16:52:59.864] [WARN] custom - Route: /favicon.ico Method: GET
[2022-09-09T16:52:59.937] [WARN] custom - Route: /favicon.ico Method: GET
[2022-09-09T16:59:51.503] [WARN] custom - Route: /favicon.ico Method: GET
[2022-09-09T16:59:55.314] [WARN] custom - Route: /favicon.ico Method: GET
[2022-09-09T16:59:55.414] [WARN] custom - Route: /favicon.ico Method: GET
[2022-09-09T16:59:56.268] [WARN] custom - Route: /favicon.ico Method: GET
[2022-09-09T16:59:56.361] [WARN] custom - Route: /favicon.ico Method: GET
[2022-09-09T17:00:10.703] [WARN] custom - Route: /favicon.ico Method: GET
[2022-09-09T17:00:10.765] [WARN] custom - Route: /favicon.ico Method: GET
[2022-09-09T18:58:26.358] [WARN] custom - Route: /favicon.ico Method: GET
[2022-09-09T18:58:28.516] [WARN] custom - Route: /favicon.ico Method: GET
[2022-09-09T18:58:28.592] [WARN] custom - Route: /favicon.ico Method: GET
[2022-09-09T18:58:30.209] [WARN] custom - Route: /favicon.ico Method: GET
[2022-09-09T18:58:30.276] [WARN] custom - Route: /favicon.ico Method: GET
[2022-09-09T18:59:34.402] [WARN] custom - Route: /favicon.ico Method: GET
[2022-09-09T18:59:47.047] [WARN] custom - Route: /favicon.ico Method: GET
[2022-09-09T18:59:47.118] [WARN] custom - Route: /favicon.ico Method: GET
[2022-09-09T18:59:49.824] [WARN] custom - Route: /favicon.ico Method: GET
[2022-09-09T18:59:49.908] [WARN] custom - Route: /favicon.ico Method: GET
[2022-09-09T19:02:08.966] [WARN] custom - Route: /favicon.ico Method: GET
[2022-09-09T19:02:10.526] [WARN] custom - Route: /favicon.ico Method: GET
[2022-09-09T19:02:10.613] [WARN] custom - Route: /favicon.ico Method: GET
[2022-09-09T19:13:27.124] [WARN] custom - Route: /favicon.ico Method: GET
[2022-09-09T19:17:27.174] [WARN] custom - Route: /favicon.ico Method: GET
[2022-09-09T19:17:27.376] [WARN] custom - Route: /favicon.ico Method: GET
[2022-09-09T19:17:28.401] [WARN] custom - Route: /favicon.ico Method: GET
[2022-09-09T19:17:28.473] [WARN] custom - Route: /favicon.ico Method: GET
[2022-09-09T19:29:49.152] [WARN] custom - Route: /favicon.ico Method: GET
[2022-09-09T19:30:02.126] [WARN] custom - Route: /favicon.ico Method: GET
[2022-09-09T19:30:02.207] [WARN] custom - Route: /favicon.ico Method: GET
[2022-09-09T19:30:03.669] [WARN] custom - Route: /favicon.ico Method: GET
[2022-09-09T19:30:03.776] [WARN] custom - Route: /favicon.ico Method: GET
[2022-09-09T19:31:38.110] [WARN] custom - Route: /favicon.ico Method: GET
[2022-09-09T19:31:41.312] [WARN] custom - Route: /favicon.ico Method: GET
[2022-09-09T19:31:41.404] [WARN] custom - Route: /favicon.ico Method: GET
[2022-09-09T19:31:52.155] [WARN] custom - Route: /favicon.ico Method: GET
[2022-09-09T19:31:52.248] [WARN] custom - Route: /favicon.ico Method: GET
[2022-09-09T19:33:33.656] [WARN] custom - Route: /favicon.ico Method: GET
[2022-09-09T19:33:33.755] [WARN] custom - Route: /favicon.ico Method: GET
[2022-09-09T19:40:00.101] [WARN] custom - Route: /favicon.ico Method: GET
[2022-09-09T19:40:02.345] [WARN] custom - Route: /favicon.ico Method: GET
[2022-09-09T19:40:02.446] [WARN] custom - Route: /favicon.ico Method: GET
[2022-09-09T19:41:20.941] [WARN] custom - Route: /favicon.ico Method: GET
[2022-09-09T19:41:22.364] [WARN] custom - Route: /favicon.ico Method: GET
[2022-09-09T19:41:22.452] [WARN] custom - Route: /favicon.ico Method: GET
[2022-09-09T19:41:32.333] [WARN] custom - Route: /favicon.ico Method: GET
[2022-09-09T19:41:32.550] [WARN] custom - Route: /favicon.ico Method: GET
[2022-09-09T19:42:57.681] [WARN] custom - Route: /favicon.ico Method: GET
[2022-09-09T19:43:00.277] [WARN] custom - Route: /favicon.ico Method: GET
[2022-09-09T19:43:00.391] [WARN] custom - Route: /favicon.ico Method: GET
[2022-09-09T19:43:09.491] [WARN] custom - Route: /favicon.ico Method: GET
[2022-09-09T19:43:09.552] [WARN] custom - Route: /favicon.ico Method: GET
[2022-09-09T19:44:26.560] [WARN] custom - Route: /favicon.ico Method: GET
[2022-09-09T19:44:27.909] [WARN] custom - Route: /favicon.ico Method: GET
[2022-09-09T19:44:28.034] [WARN] custom - Route: /favicon.ico Method: GET
[2022-09-09T19:44:36.803] [WARN] custom - Route: /favicon.ico Method: GET
[2022-09-09T19:44:36.958] [WARN] custom - Route: /favicon.ico Method: GET
[2022-09-09T19:46:11.962] [WARN] custom - Route: /favicon.ico Method: GET
[2022-09-09T19:46:23.092] [WARN] custom - Route: /favicon.ico Method: GET
[2022-09-09T19:46:23.198] [WARN] custom - Route: /favicon.ico Method: GET
[2022-09-09T19:47:03.613] [WARN] custom - Route: /favicon.ico Method: GET
[2022-09-09T19:47:17.099] [WARN] custom - Route: /favicon.ico Method: GET
[2022-09-09T19:47:17.157] [WARN] custom - Route: /favicon.ico Method: GET
[2022-09-09T19:48:12.233] [WARN] custom - Route: /favicon.ico Method: GET
[2022-09-09T19:48:12.314] [WARN] custom - Route: /favicon.ico Method: GET
[2022-09-09T19:48:18.680] [WARN] custom - Route: /favicon.ico Method: GET
[2022-09-09T19:48:18.736] [WARN] custom - Route: /favicon.ico Method: GET
[2022-09-09T19:48:30.553] [WARN] custom - Route: /favicon.ico Method: GET
[2022-09-09T19:48:30.638] [WARN] custom - Route: /favicon.ico Method: GET
[2022-09-09T19:51:22.572] [WARN] custom - Route: /favicon.ico Method: GET
[2022-09-09T19:51:24.457] [WARN] custom - Route: /favicon.ico Method: GET
[2022-09-09T19:51:24.549] [WARN] custom - Route: /favicon.ico Method: GET
[2022-09-09T19:51:25.739] [WARN] custom - Route: /favicon.ico Method: GET
[2022-09-09T19:51:25.806] [WARN] custom - Route: /favicon.ico Method: GET
[2022-09-09T19:51:38.898] [WARN] custom - Route: /favicon.ico Method: GET
[2022-09-09T19:51:39.008] [WARN] custom - Route: /favicon.ico Method: GET
[2022-09-09T19:57:00.476] [WARN] custom - Route: /favicon.ico Method: GET
[2022-09-09T19:57:02.081] [WARN] custom - Route: /favicon.ico Method: GET
[2022-09-09T19:57:02.183] [WARN] custom - Route: /favicon.ico Method: GET
[2022-09-09T19:57:14.067] [WARN] custom - Route: /favicon.ico Method: GET
[2022-09-09T19:57:14.416] [WARN] custom - Route: /favicon.ico Method: GET
[2022-09-09T19:58:09.101] [WARN] custom - Route: /favicon.ico Method: GET
[2022-09-09T19:58:09.172] [WARN] custom - Route: /favicon.ico Method: GET
[2022-09-09T19:58:18.924] [WARN] custom - Route: /favicon.ico Method: GET
[2022-09-09T19:58:19.262] [WARN] custom - Route: /favicon.ico Method: GET
